INFO: [VRFC 10-163] Analyzing VHDL file "/home/holmes/Bureau/VHDL/VHDL_Ethernet/ethernet/ethernet.srcs/sources_1/new/transmitter.vhd" into library xil_defaultlib
INFO: [VRFC 10-307] analyzing entity ethernet_transmitter
INFO: [VRFC 10-163] Analyzing VHDL file "/home/holmes/Bureau/VHDL/VHDL_Ethernet/ethernet/ethernet.srcs/sources_1/new/transmitter.vhd" into library xil_defaultlib
INFO: [VRFC 10-307] analyzing entity ethernet_transmitter
INFO: [VRFC 10-163] Analyzing VHDL file "/home/holmes/Bureau/VHDL/VHDL_Ethernet/ethernet/ethernet.srcs/sim_1/new/Test_Ethernet.vhd" into library xil_defaultlib
INFO: [VRFC 10-307] analyzing entity Test_Ethernet
INFO: [VRFC 10-163] Analyzing VHDL file "/home/holmes/Bureau/VHDL/VHDL_Ethernet/ethernet/ethernet.srcs/sim_1/new/Test_Ethernet.vhd" into library xil_defaultlib
INFO: [VRFC 10-307] analyzing entity Test_Ethernet
INFO: [VRFC 10-163] Analyzing VHDL file "/home/holmes/Bureau/VHDL/VHDL_Ethernet/ethernet/ethernet.srcs/sources_1/new/transmitter.vhd" into library xil_defaultlib
INFO: [VRFC 10-307] analyzing entity ethernet_transmitter
INFO: [VRFC 10-163] Analyzing VHDL file "/home/holmes/Bureau/VHDL/VHDL_Ethernet/ethernet/ethernet.srcs/sim_1/new/Test_Ethernet.vhd" into library xil_defaultlib
INFO: [VRFC 10-307] analyzing entity Test_Ethernet
INFO: [VRFC 10-163] Analyzing VHDL file "/home/holmes/Bureau/VHDL/VHDL_Ethernet/ethernet/ethernet.srcs/sources_1/new/transmitter.vhd" into library xil_defaultlib
INFO: [VRFC 10-307] analyzing entity ethernet_transmitter
INFO: [VRFC 10-163] Analyzing VHDL file "/home/holmes/Bureau/VHDL/VHDL_Ethernet/ethernet/ethernet.srcs/sources_1/new/transmitter.vhd" into library xil_defaultlib
INFO: [VRFC 10-307] analyzing entity ethernet_transmitter
INFO: [VRFC 10-163] Analyzing VHDL file "/home/holmes/Bureau/VHDL/VHDL_Ethernet/ethernet/ethernet.srcs/sources_1/new/transmitter.vhd" into library xil_defaultlib
INFO: [VRFC 10-307] analyzing entity ethernet_transmitter
INFO: [VRFC 10-163] Analyzing VHDL file "/home/holmes/Bureau/VHDL/VHDL_Ethernet/ethernet/ethernet.srcs/sources_1/new/transmitter.vhd" into library xil_defaultlib
INFO: [VRFC 10-307] analyzing entity ethernet_transmitter
INFO: [VRFC 10-163] Analyzing VHDL file "/home/holmes/Bureau/VHDL/VHDL_Ethernet/ethernet/ethernet.srcs/sim_1/new/Test_Ethernet.vhd" into library xil_defaultlib
INFO: [VRFC 10-307] analyzing entity Test_Ethernet
INFO: [VRFC 10-163] Analyzing VHDL file "/home/holmes/Bureau/VHDL/VHDL_Ethernet/ethernet/ethernet.srcs/sources_1/new/transmitter.vhd" into library xil_defaultlib
INFO: [VRFC 10-307] analyzing entity ethernet_transmitter
INFO: [VRFC 10-163] Analyzing VHDL file "/home/holmes/Bureau/VHDL/VHDL_Ethernet/ethernet/ethernet.srcs/sim_1/new/Test_Ethernet.vhd" into library xil_defaultlib
INFO: [VRFC 10-307] analyzing entity Test_Ethernet
INFO: [VRFC 10-163] Analyzing VHDL file "/home/holmes/Bureau/VHDL/VHDL_Ethernet/ethernet/ethernet.srcs/sources_1/new/transmitter.vhd" into library xil_defaultlib
INFO: [VRFC 10-307] analyzing entity ethernet_transmitter
INFO: [VRFC 10-163] Analyzing VHDL file "/home/holmes/Bureau/VHDL/VHDL_Ethernet/ethernet/ethernet.srcs/sim_1/new/Test_Ethernet.vhd" into library xil_defaultlib
INFO: [VRFC 10-307] analyzing entity Test_Ethernet
INFO: [VRFC 10-163] Analyzing VHDL file "/home/holmes/Bureau/VHDL/VHDL_Ethernet/ethernet/ethernet.srcs/sim_1/new/Test_Ethernet.vhd" into library xil_defaultlib
INFO: [VRFC 10-307] analyzing entity Test_Ethernet
INFO: [VRFC 10-163] Analyzing VHDL file "/home/holmes/Bureau/VHDL/VHDL_Ethernet/ethernet/ethernet.srcs/sim_1/new/Test_Ethernet.vhd" into library xil_defaultlib
INFO: [VRFC 10-307] analyzing entity Test_Ethernet
INFO: [VRFC 10-163] Analyzing VHDL file "/home/holmes/Bureau/VHDL/VHDL_Ethernet/ethernet/ethernet.srcs/sources_1/new/transmitter.vhd" into library xil_defaultlib
INFO: [VRFC 10-307] analyzing entity ethernet_transmitter
INFO: [VRFC 10-163] Analyzing VHDL file "/home/holmes/Bureau/VHDL/VHDL_Ethernet/ethernet/ethernet.srcs/sources_1/new/transmitter.vhd" into library xil_defaultlib
INFO: [VRFC 10-307] analyzing entity ethernet_transmitter
INFO: [VRFC 10-163] Analyzing VHDL file "/home/holmes/Bureau/VHDL/VHDL_Ethernet/ethernet/ethernet.srcs/sim_1/new/Test_Ethernet.vhd" into library xil_defaultlib
INFO: [VRFC 10-307] analyzing entity Test_Ethernet
INFO: [VRFC 10-163] Analyzing VHDL file "/home/holmes/Bureau/VHDL/VHDL_Ethernet/ethernet/ethernet.srcs/sources_1/new/transmitter.vhd" into library xil_defaultlib
INFO: [VRFC 10-307] analyzing entity ethernet_transmitter
INFO: [VRFC 10-163] Analyzing VHDL file "/home/holmes/Bureau/VHDL/VHDL_Ethernet/ethernet/ethernet.srcs/sources_1/new/transmitter.vhd" into library xil_defaultlib
INFO: [VRFC 10-307] analyzing entity ethernet_transmitter
INFO: [VRFC 10-163] Analyzing VHDL file "/home/holmes/Bureau/VHDL/VHDL_Ethernet/ethernet/ethernet.srcs/sim_1/new/Test_Ethernet.vhd" into library xil_defaultlib
INFO: [VRFC 10-307] analyzing entity Test_Ethernet
INFO: [VRFC 10-163] Analyzing VHDL file "/home/holmes/Bureau/VHDL/VHDL_Ethernet/ethernet/ethernet.srcs/sources_1/new/transmitter.vhd" into library xil_defaultlib
INFO: [VRFC 10-307] analyzing entity ethernet_transmitter
INFO: [VRFC 10-163] Analyzing VHDL file "/home/holmes/Bureau/VHDL/VHDL_Ethernet/ethernet/ethernet.srcs/sim_1/new/Test_Ethernet.vhd" into library xil_defaultlib
INFO: [VRFC 10-307] analyzing entity Test_Ethernet
INFO: [VRFC 10-163] Analyzing VHDL file "/home/holmes/Bureau/VHDL/VHDL_Ethernet/ethernet/ethernet.srcs/sources_1/new/transmitter.vhd" into library xil_defaultlib
INFO: [VRFC 10-307] analyzing entity ethernet_transmitter
INFO: [VRFC 10-163] Analyzing VHDL file "/home/holmes/Bureau/VHDL/VHDL_Ethernet/ethernet/ethernet.srcs/sim_1/new/Test_Ethernet.vhd" into library xil_defaultlib
INFO: [VRFC 10-307] analyzing entity Test_Ethernet
INFO: [VRFC 10-163] Analyzing VHDL file "/home/holmes/Bureau/VHDL/VHDL_Ethernet/ethernet/ethernet.srcs/sources_1/new/transmitter.vhd" into library xil_defaultlib
INFO: [VRFC 10-307] analyzing entity ethernet_transmitter
INFO: [VRFC 10-163] Analyzing VHDL file "/home/holmes/Bureau/VHDL/VHDL_Ethernet/ethernet/ethernet.srcs/sim_1/new/Test_Ethernet.vhd" into library xil_defaultlib
INFO: [VRFC 10-307] analyzing entity Test_Ethernet
INFO: [VRFC 10-163] Analyzing VHDL file "/home/holmes/Bureau/VHDL/VHDL_Ethernet/ethernet/ethernet.srcs/sim_1/new/Test_Ethernet.vhd" into library xil_defaultlib
INFO: [VRFC 10-307] analyzing entity Test_Ethernet
INFO: [VRFC 10-163] Analyzing VHDL file "/home/holmes/Bureau/VHDL/VHDL_Ethernet/ethernet/ethernet.srcs/sim_1/new/Test_Ethernet.vhd" into library xil_defaultlib
INFO: [VRFC 10-307] analyzing entity Test_Ethernet
INFO: [VRFC 10-163] Analyzing VHDL file "/home/holmes/Bureau/VHDL/VHDL_Ethernet/ethernet/ethernet.srcs/sim_1/new/Test_Ethernet.vhd" into library xil_defaultlib
INFO: [VRFC 10-307] analyzing entity Test_Ethernet
INFO: [VRFC 10-163] Analyzing VHDL file "/home/holmes/Bureau/VHDL/VHDL_Ethernet/ethernet/ethernet.srcs/sources_1/new/transmitter.vhd" into library xil_defaultlib
INFO: [VRFC 10-307] analyzing entity ethernet_transmitter
INFO: [VRFC 10-163] Analyzing VHDL file "/home/holmes/Bureau/VHDL/VHDL_Ethernet/ethernet/ethernet.srcs/sources_1/new/transmitter.vhd" into library xil_defaultlib
INFO: [VRFC 10-307] analyzing entity ethernet_transmitter
INFO: [VRFC 10-163] Analyzing VHDL file "/home/holmes/Bureau/VHDL/VHDL_Ethernet/ethernet/ethernet.srcs/sources_1/new/transmitter.vhd" into library xil_defaultlib
INFO: [VRFC 10-307] analyzing entity ethernet_transmitter
INFO: [VRFC 10-163] Analyzing VHDL file "/home/holmes/Bureau/VHDL/VHDL_Ethernet/ethernet/ethernet.srcs/sim_1/new/Test_Ethernet.vhd" into library xil_defaultlib
INFO: [VRFC 10-307] analyzing entity Test_Ethernet
INFO: [VRFC 10-163] Analyzing VHDL file "/home/holmes/Bureau/VHDL/VHDL_Ethernet/ethernet/ethernet.srcs/sources_1/new/transmitter.vhd" into library xil_defaultlib
INFO: [VRFC 10-307] analyzing entity ethernet_transmitter
INFO: [VRFC 10-163] Analyzing VHDL file "/home/holmes/Bureau/VHDL/VHDL_Ethernet/ethernet/ethernet.srcs/sim_1/new/Test_Ethernet.vhd" into library xil_defaultlib
INFO: [VRFC 10-307] analyzing entity Test_Ethernet
INFO: [VRFC 10-163] Analyzing VHDL file "/home/holmes/Bureau/VHDL/VHDL_Ethernet/ethernet/ethernet.srcs/sim_1/new/Test_Ethernet.vhd" into library xil_defaultlib
INFO: [VRFC 10-307] analyzing entity Test_Ethernet
INFO: [VRFC 10-163] Analyzing VHDL file "/home/holmes/Bureau/VHDL/VHDL_Ethernet/ethernet/ethernet.srcs/sim_1/new/Test_Ethernet.vhd" into library xil_defaultlib
INFO: [VRFC 10-307] analyzing entity Test_Ethernet
INFO: [VRFC 10-163] Analyzing VHDL file "/home/holmes/Bureau/VHDL/VHDL_Ethernet/ethernet/ethernet.srcs/sources_1/new/transmitter.vhd" into library xil_defaultlib
INFO: [VRFC 10-307] analyzing entity ethernet_transmitter
INFO: [VRFC 10-163] Analyzing VHDL file "/home/holmes/Bureau/VHDL/VHDL_Ethernet/ethernet/ethernet.srcs/sources_1/new/transmitter.vhd" into library xil_defaultlib
INFO: [VRFC 10-307] analyzing entity ethernet_transmitter
INFO: [VRFC 10-163] Analyzing VHDL file "/home/holmes/Bureau/VHDL/VHDL_Ethernet/ethernet/ethernet.srcs/sources_1/new/transmitter.vhd" into library xil_defaultlib
INFO: [VRFC 10-307] analyzing entity ethernet_transmitter
INFO: [VRFC 10-163] Analyzing VHDL file "/home/holmes/Bureau/VHDL/VHDL_Ethernet/ethernet/ethernet.srcs/sim_1/new/Test_Ethernet.vhd" into library xil_defaultlib
INFO: [VRFC 10-307] analyzing entity Test_Ethernet
INFO: [VRFC 10-163] Analyzing VHDL file "/home/holmes/Bureau/VHDL/VHDL_Ethernet/ethernet/ethernet.srcs/sources_1/new/transmitter.vhd" into library xil_defaultlib
INFO: [VRFC 10-307] analyzing entity ethernet_transmitter
INFO: [VRFC 10-163] Analyzing VHDL file "/home/holmes/Bureau/VHDL/VHDL_Ethernet/ethernet/ethernet.srcs/sources_1/new/transmitter.vhd" into library xil_defaultlib
INFO: [VRFC 10-307] analyzing entity ethernet_transmitter
INFO: [VRFC 10-163] Analyzing VHDL file "/home/holmes/Bureau/VHDL/VHDL_Ethernet/ethernet/ethernet.srcs/sources_1/new/transmitter.vhd" into library xil_defaultlib
INFO: [VRFC 10-307] analyzing entity ethernet_transmitter
INFO: [VRFC 10-163] Analyzing VHDL file "/home/holmes/Bureau/VHDL/VHDL_Ethernet/ethernet/ethernet.srcs/sources_1/new/Emitter.vhd" into library xil_defaultlib
INFO: [VRFC 10-307] analyzing entity ethernet_receiver
INFO: [VRFC 10-163] Analyzing VHDL file "/home/holmes/Bureau/VHDL/VHDL_Ethernet/ethernet/ethernet.srcs/sim_1/new/test_receiver.vhd" into library xil_defaultlib
INFO: [VRFC 10-307] analyzing entity test_receiver
INFO: [VRFC 10-163] Analyzing VHDL file "/home/holmes/Bureau/VHDL/VHDL_Ethernet/ethernet/ethernet.srcs/sources_1/new/Emitter.vhd" into library xil_defaultlib
INFO: [VRFC 10-307] analyzing entity ethernet_receiver
INFO: [VRFC 10-163] Analyzing VHDL file "/home/holmes/Bureau/VHDL/VHDL_Ethernet/ethernet/ethernet.srcs/sim_1/new/test_receiver.vhd" into library xil_defaultlib
INFO: [VRFC 10-307] analyzing entity test_receiver
INFO: [VRFC 10-163] Analyzing VHDL file "/home/holmes/Bureau/VHDL/VHDL_Ethernet/ethernet/ethernet.srcs/sources_1/new/Emitter.vhd" into library xil_defaultlib
INFO: [VRFC 10-307] analyzing entity ethernet_receiver
INFO: [VRFC 10-163] Analyzing VHDL file "/home/holmes/Bureau/VHDL/VHDL_Ethernet/ethernet/ethernet.srcs/sources_1/new/Emitter.vhd" into library xil_defaultlib
INFO: [VRFC 10-307] analyzing entity ethernet_receiver
INFO: [VRFC 10-163] Analyzing VHDL file "/home/holmes/Bureau/VHDL/VHDL_Ethernet/ethernet/ethernet.srcs/sources_1/new/Emitter.vhd" into library xil_defaultlib
INFO: [VRFC 10-307] analyzing entity ethernet_receiver
INFO: [VRFC 10-163] Analyzing VHDL file "/home/holmes/Bureau/VHDL/VHDL_Ethernet/ethernet/ethernet.srcs/sim_1/new/test_receiver.vhd" into library xil_defaultlib
INFO: [VRFC 10-307] analyzing entity test_receiver
INFO: [VRFC 10-163] Analyzing VHDL file "/home/holmes/Bureau/VHDL/VHDL_Ethernet/ethernet/ethernet.srcs/sim_1/new/test_receiver.vhd" into library xil_defaultlib
INFO: [VRFC 10-307] analyzing entity test_receiver
INFO: [VRFC 10-163] Analyzing VHDL file "/home/holmes/Bureau/VHDL/VHDL_Ethernet/ethernet/ethernet.srcs/sources_1/new/Emitter.vhd" into library xil_defaultlib
INFO: [VRFC 10-307] analyzing entity ethernet_receiver
INFO: [VRFC 10-163] Analyzing VHDL file "/home/holmes/Bureau/VHDL/VHDL_Ethernet/ethernet/ethernet.srcs/sources_1/new/Emitter.vhd" into library xil_defaultlib
INFO: [VRFC 10-307] analyzing entity ethernet_receiver
INFO: [VRFC 10-163] Analyzing VHDL file "/home/holmes/Bureau/VHDL/VHDL_Ethernet/ethernet/ethernet.srcs/sim_1/new/test_receiver.vhd" into library xil_defaultlib
INFO: [VRFC 10-307] analyzing entity test_receiver
INFO: [VRFC 10-163] Analyzing VHDL file "/home/holmes/Bureau/VHDL/VHDL_Ethernet/ethernet/ethernet.srcs/sim_1/new/test_receiver.vhd" into library xil_defaultlib
INFO: [VRFC 10-307] analyzing entity test_receiver
INFO: [VRFC 10-163] Analyzing VHDL file "/home/holmes/Bureau/VHDL/VHDL_Ethernet/ethernet/ethernet.srcs/sources_1/new/Emitter.vhd" into library xil_defaultlib
INFO: [VRFC 10-307] analyzing entity ethernet_receiver
INFO: [VRFC 10-163] Analyzing VHDL file "/home/holmes/Bureau/VHDL/VHDL_Ethernet/ethernet/ethernet.srcs/sim_1/new/test_receiver.vhd" into library xil_defaultlib
INFO: [VRFC 10-307] analyzing entity test_receiver
INFO: [VRFC 10-163] Analyzing VHDL file "/home/holmes/Bureau/VHDL/VHDL_Ethernet/ethernet/ethernet.srcs/sim_1/new/test_receiver.vhd" into library xil_defaultlib
INFO: [VRFC 10-307] analyzing entity test_receiver
INFO: [VRFC 10-163] Analyzing VHDL file "/home/holmes/Bureau/VHDL/VHDL_Ethernet/ethernet/ethernet.srcs/sources_1/new/Emitter.vhd" into library xil_defaultlib
INFO: [VRFC 10-307] analyzing entity ethernet_receiver
INFO: [VRFC 10-163] Analyzing VHDL file "/home/holmes/Bureau/VHDL/VHDL_Ethernet/ethernet/ethernet.srcs/sources_1/new/Emitter.vhd" into library xil_defaultlib
INFO: [VRFC 10-307] analyzing entity ethernet_receiver
INFO: [VRFC 10-163] Analyzing VHDL file "/home/holmes/Bureau/VHDL/VHDL_Ethernet/ethernet/ethernet.srcs/sim_1/new/test_receiver.vhd" into library xil_defaultlib
INFO: [VRFC 10-307] analyzing entity test_receiver
INFO: [VRFC 10-163] Analyzing VHDL file "/home/holmes/Bureau/VHDL/VHDL_Ethernet/ethernet/ethernet.srcs/sources_1/new/Emitter.vhd" into library xil_defaultlib
INFO: [VRFC 10-307] analyzing entity ethernet_receiver
INFO: [VRFC 10-163] Analyzing VHDL file "/home/holmes/Bureau/VHDL/VHDL_Ethernet/ethernet/ethernet.srcs/sources_1/new/Emitter.vhd" into library xil_defaultlib
INFO: [VRFC 10-307] analyzing entity ethernet_receiver
INFO: [VRFC 10-163] Analyzing VHDL file "/home/holmes/Bureau/VHDL/VHDL_Ethernet/ethernet/ethernet.srcs/sim_1/new/test_receiver.vhd" into library xil_defaultlib
INFO: [VRFC 10-307] analyzing entity test_receiver
INFO: [VRFC 10-163] Analyzing VHDL file "/home/holmes/Bureau/VHDL/VHDL_Ethernet/ethernet/ethernet.srcs/sources_1/new/Emitter.vhd" into library xil_defaultlib
INFO: [VRFC 10-307] analyzing entity ethernet_receiver
INFO: [VRFC 10-163] Analyzing VHDL file "/home/holmes/Bureau/VHDL/VHDL_Ethernet/ethernet/ethernet.srcs/sim_1/new/test_receiver.vhd" into library xil_defaultlib
INFO: [VRFC 10-307] analyzing entity test_receiver
INFO: [VRFC 10-163] Analyzing VHDL file "/home/holmes/Bureau/VHDL/VHDL_Ethernet/ethernet/ethernet.srcs/sim_1/new/test_receiver.vhd" into library xil_defaultlib
INFO: [VRFC 10-307] analyzing entity test_receiver
INFO: [VRFC 10-163] Analyzing VHDL file "/home/holmes/Bureau/VHDL/VHDL_Ethernet/ethernet/ethernet.srcs/sim_1/new/test_receiver.vhd" into library xil_defaultlib
INFO: [VRFC 10-307] analyzing entity test_receiver
INFO: [VRFC 10-163] Analyzing VHDL file "/home/holmes/Bureau/VHDL/VHDL_Ethernet/ethernet/ethernet.srcs/sim_1/new/test_receiver.vhd" into library xil_defaultlib
INFO: [VRFC 10-307] analyzing entity test_receiver
INFO: [VRFC 10-163] Analyzing VHDL file "/home/holmes/Bureau/VHDL/VHDL_Ethernet/ethernet/ethernet.srcs/sim_1/new/test_receiver.vhd" into library xil_defaultlib
INFO: [VRFC 10-307] analyzing entity test_receiver
